[0.021][INFO]:      ChromeDriver 21.0.1180.4 /Users/twer/Downloads/chromedriver
[1.405][FINE]:      Initializing session with capabilities {
   "browserName": "chrome",
   "chrome.switches": [  ],
   "chromeOptions": {
      "args": [  ],
      "extensions": [  ]
   },
   "platform": "ANY",
   "version": ""
}

[1.405][INFO]:      Launching chrome: /Applications/Google Chrome.app/Contents/MacOS/Google Chrome --disable-hang-monitor --disable-prompt-on-repost --dom-automation --full-memory-crash-report --no-default-browser-check --no-first-run --ignore-certificate-errors --disable-popup-blocking --homepage=about:blank
[2.802][INFO]:      Connected to Chrome successfully. Version: 20.0.1132.57
[2.875][FINE]:      Command received (/session/834e4263fe5d5697389d835ac5b0c5a0)
[2.875][FINE]:      Command finished (/session/834e4263fe5d5697389d835ac5b0c5a0) with response {
   "sessionId": "834e4263fe5d5697389d835ac5b0c5a0",
   "status": 0,
   "value": {
      "acceptSslCerts": false,
      "applicationCacheEnabled": false,
      "browserConnectionEnabled": false,
      "browserName": "chrome",
      "chrome.chromedriverVersion": "21.0.1180.4",
      "chrome.nativeEvents": false,
      "cssSelectorsEnabled": true,
      "databaseEnabled": false,
      "handlesAlerts": true,
      "javascriptEnabled": true,
      "locationContextEnabled": false,
      "nativeEvents": true,
      "platform": "mac",
      "rotatable": false,
      "takesScreenshot": true,
      "version": "20.0.1132.57",
      "webStorageEnabled": true
   }
}

[2.906][FINE]:      Command received (/session/834e4263fe5d5697389d835ac5b0c5a0/url) with params {
   "url": "http://localhost:9090/poem-generator/login"
}

[2.906][FINER]:     Waiting for all views to stop loading...
[2.907][FINER]:     Done waiting for all views to stop loading
[3.110][FINER]:     Waiting for all views to stop loading...
[3.110][FINER]:     Done waiting for all views to stop loading
[3.110][FINE]:      Command finished (/session/834e4263fe5d5697389d835ac5b0c5a0/url) with response {
   "sessionId": "834e4263fe5d5697389d835ac5b0c5a0",
   "status": 0,
   "value": {

   }
}

[3.134][FINE]:      Command received (/session/834e4263fe5d5697389d835ac5b0c5a0/element) with params {
   "using": "name",
   "value": "j_username"
}

[3.134][FINER]:     Waiting for all views to stop loading...
[3.134][FINER]:     Done waiting for all views to stop loading
[3.171][FINER]:     Waiting for all views to stop loading...
[3.172][FINER]:     Done waiting for all views to stop loading
[3.172][WARNING]:   Command finished (/session/834e4263fe5d5697389d835ac5b0c5a0/element) with response {
   "sessionId": "834e4263fe5d5697389d835ac5b0c5a0",
   "status": 7,
   "value": {
      "message": "The element could not be found"
   }
}

